Added sample products to in-memory store
(node:16656) [DEP0040] DeprecationWarning: The `punycode` module is deprecated. Please use a userland alternative instead.
(Use `node --trace-deprecation ...` to show where the warning was created)
PostgreSQL connection error: AggregateError [ECONNREFUSED]: 
    at /home/ubuntu/repos/Canteen42-Backend-Devin/node_modules/pg-pool/index.js:45:11
    at process.processTicksAndRejections (node:internal/process/task_queues:105:5)
    at async testPgConnection (/home/ubuntu/repos/Canteen42-Backend-Devin/src/config/db.js:35:20)
    at async startServer (/home/ubuntu/repos/Canteen42-Backend-Devin/src/server.js:44:25) {
  code: 'ECONNREFUSED',
  [errors]: [
    Error: connect ECONNREFUSED ::1:5432
        at createConnectionError (node:net:1656:14)
        at afterConnectMultiple (node:net:1686:16) {
      errno: -111,
      code: 'ECONNREFUSED',
      syscall: 'connect',
      address: '::1',
      port: 5432
    },
    Error: connect ECONNREFUSED 127.0.0.1:5432
        at createConnectionError (node:net:1656:14)
        at afterConnectMultiple (node:net:1686:16) {
      errno: -111,
      code: 'ECONNREFUSED',
      syscall: 'connect',
      address: '127.0.0.1',
      port: 5432
    }
  ]
}
PostgreSQL not connected. Using in-memory store for development.
MongoDB connection error: MongooseServerSelectionError: connect ECONNREFUSED ::1:27017, connect ECONNREFUSED 127.0.0.1:27017
    at _handleConnectionErrors (/home/ubuntu/repos/Canteen42-Backend-Devin/node_modules/mongoose/lib/connection.js:1165:11)
    at NativeConnection.openUri (/home/ubuntu/repos/Canteen42-Backend-Devin/node_modules/mongoose/lib/connection.js:1096:11)
    at async connectMongoDB (/home/ubuntu/repos/Canteen42-Backend-Devin/src/config/db.js:17:7)
    at async startServer (/home/ubuntu/repos/Canteen42-Backend-Devin/src/server.js:51:5) {
  errorLabelSet: Set(0) {},
  reason: TopologyDescription {
    type: 'Unknown',
    servers: Map(1) { 'localhost:27017' => [ServerDescription] },
    stale: false,
    compatible: true,
    heartbeatFrequencyMS: 10000,
    localThresholdMS: 15,
    setName: null,
    maxElectionId: null,
    maxSetVersion: null,
    commonWireVersion: 0,
    logicalSessionTimeoutMinutes: null
  },
  code: undefined
}
Firebase initialization error: FirebaseAppError: Failed to parse private key: Error: Invalid PEM formatted message.
    at new ServiceAccount (/home/ubuntu/repos/Canteen42-Backend-Devin/node_modules/firebase-admin/lib/app/credential-internal.js:182:19)
    at new ServiceAccountCredential (/home/ubuntu/repos/Canteen42-Backend-Devin/node_modules/firebase-admin/lib/app/credential-internal.js:118:15)
    at Object.cert (/home/ubuntu/repos/Canteen42-Backend-Devin/node_modules/firebase-admin/lib/app/credential-factory.js:105:54)
    at initializeFirebase (/home/ubuntu/repos/Canteen42-Backend-Devin/src/config/firebase.js:14:38)
    at startServer (/home/ubuntu/repos/Canteen42-Backend-Devin/src/server.js:53:5) {
  errorInfo: {
    code: 'app/invalid-credential',
    message: 'Failed to parse private key: Error: Invalid PEM formatted message.'
  },
  codePrefix: 'app'
}
Server running on port 3000
API available at http://localhost:3000
